[debug] [2024-08-10T18:00:01.163Z] ----------------------------------------------------------------------
[debug] [2024-08-10T18:00:01.166Z] Command:       C:\Program Files\nodejs\node.exe C:\Program Files\nodejs\node_modules\firebase-tools\lib\bin\firebase.js init
[debug] [2024-08-10T18:00:01.166Z] CLI Version:   13.15.1
[debug] [2024-08-10T18:00:01.166Z] Platform:      win32
[debug] [2024-08-10T18:00:01.166Z] Node Version:  v20.16.0
[debug] [2024-08-10T18:00:01.166Z] Time:          Sat Aug 10 2024 15:00:01 GMT-0300 (Horário Padrão de Brasília)
[debug] [2024-08-10T18:00:01.166Z] ----------------------------------------------------------------------
[debug] 
[debug] [2024-08-10T18:00:01.180Z] >>> [apiv2][query] GET https://firebase-public.firebaseio.com/cli.json [none]
[debug] [2024-08-10T18:00:01.220Z] > command requires scopes: ["email","openid","https://www.googleapis.com/auth/cloudplatformprojects.readonly","https://www.googleapis.com/auth/firebase","https://www.googleapis.com/auth/cloud-platform"]
[debug] [2024-08-10T18:00:01.220Z] > authorizing via signed-in user (higor.s.rosa@gmail.com)
[info] 
     ######## #### ########  ######## ########     ###     ######  ########
     ##        ##  ##     ## ##       ##     ##  ##   ##  ##       ##
     ######    ##  ########  ######   ########  #########  ######  ######
     ##        ##  ##    ##  ##       ##     ## ##     ##       ## ##
     ##       #### ##     ## ######## ########  ##     ##  ######  ########

You're about to initialize a Firebase project in this directory:

  C:\Users\higor\Workspace\HigorSilvaRosa\pdf-viewer-pwa

[debug] [2024-08-10T18:00:01.713Z] <<< [apiv2][status] GET https://firebase-public.firebaseio.com/cli.json 200
[debug] [2024-08-10T18:00:01.714Z] <<< [apiv2][body] GET https://firebase-public.firebaseio.com/cli.json {"cloudBuildErrorAfter":1594252800000,"cloudBuildWarnAfter":1590019200000,"defaultNode10After":1594252800000,"minVersion":"3.0.5","node8DeploysDisabledAfter":1613390400000,"node8RuntimeDisabledAfter":1615809600000,"node8WarnAfter":1600128000000}
